<?xml version="1.0" encoding="UTF-8"?>
<testng-results ignored="0" total="1" passed="1" failed="0" skipped="0">
  <reporter-output>
  </reporter-output>
  <suite started-at="2022-08-16T20:42:22 IST" name="Default suite" finished-at="2022-08-16T20:42:25 IST" duration-ms="3625">
    <groups>
    </groups>
    <test started-at="2022-08-16T20:42:22 IST" name="Default test" finished-at="2022-08-16T20:42:25 IST" duration-ms="3625">
      <class name="Example1">
        <test-method signature="method1()[pri:0, instance:Example1@2b48a640]" started-at="2022-08-16T20:42:22 IST" name="method1" finished-at="2022-08-16T20:42:25 IST" duration-ms="3569" status="PASS">
          <reporter-output>
          </reporter-output>
        </test-method> <!-- method1 -->
      </class> <!-- Example1 -->
    </test> <!-- Default test -->
  </suite> <!-- Default suite -->
</testng-results>
